\BOOKMARK [1][-]{section.1}{Fechas}{}% 1
\BOOKMARK [2][-]{subsection.1.1}{NOW\(\)}{section.1}% 2
\BOOKMARK [2][-]{subsection.1.2}{SYSDATE\(\)}{section.1}% 3
\BOOKMARK [2][-]{subsection.1.3}{CURDATE\(\)}{section.1}% 4
\BOOKMARK [2][-]{subsection.1.4}{CURRENT\137DATE}{section.1}% 5
\BOOKMARK [2][-]{subsection.1.5}{CURTIME\(\)}{section.1}% 6
\BOOKMARK [2][-]{subsection.1.6}{CURRENT\137TIME\(\)}{section.1}% 7
\BOOKMARK [2][-]{subsection.1.7}{YEAR\(FECHA\)}{section.1}% 8
\BOOKMARK [2][-]{subsection.1.8}{MONTH\(FECHA\)}{section.1}% 9
\BOOKMARK [2][-]{subsection.1.9}{MONTHNAME\(FECHA\)}{section.1}% 10
\BOOKMARK [2][-]{subsection.1.10}{QUARTER\(FECHA\)}{section.1}% 11
\BOOKMARK [2][-]{subsection.1.11}{HOUR\(HORA\)}{section.1}% 12
\BOOKMARK [2][-]{subsection.1.12}{MINUTE\(HORA\)}{section.1}% 13
\BOOKMARK [2][-]{subsection.1.13}{SECOND\(HORA\)}{section.1}% 14
\BOOKMARK [2][-]{subsection.1.14}{DAYNAME\(FECHA\)}{section.1}% 15
\BOOKMARK [2][-]{subsection.1.15}{DAYOFMONTH\(FECHA\)}{section.1}% 16
\BOOKMARK [2][-]{subsection.1.16}{DAYOFYEAR\(FECHA\)}{section.1}% 17
\BOOKMARK [2][-]{subsection.1.17}{DAYOFWEEK\(FECHA\)}{section.1}% 18
\BOOKMARK [1][-]{section.2}{Cadenas}{}% 19
\BOOKMARK [2][-]{subsection.2.1}{ASCII\(CADENA\)}{section.2}% 20
\BOOKMARK [2][-]{subsection.2.2}{CHAR\(N\)}{section.2}% 21
\BOOKMARK [2][-]{subsection.2.3}{CHAR\(N,M...\)}{section.2}% 22
\BOOKMARK [2][-]{subsection.2.4}{BIN\(N\)}{section.2}% 23
\BOOKMARK [2][-]{subsection.2.5}{CONCAT\(cadena1,cadena2\)}{section.2}% 24
\BOOKMARK [2][-]{subsection.2.6}{HEX\(N\)}{section.2}% 25
\BOOKMARK [2][-]{subsection.2.7}{OCT\(N\)}{section.2}% 26
\BOOKMARK [2][-]{subsection.2.8}{LOWER\(CADENA\)}{section.2}% 27
\BOOKMARK [2][-]{subsection.2.9}{LCASE\(CADENA\)}{section.2}% 28
\BOOKMARK [2][-]{subsection.2.10}{UPPER\(CADENA\)}{section.2}% 29
\BOOKMARK [2][-]{subsection.2.11}{UCASE\(CADENA\)}{section.2}% 30
\BOOKMARK [2][-]{subsection.2.12}{LEFT\(CADENA,N\)}{section.2}% 31
\BOOKMARK [2][-]{subsection.2.13}{RIGHT\(CADENA,N\)}{section.2}% 32
\BOOKMARK [2][-]{subsection.2.14}{LENGTH\(CADENA\)}{section.2}% 33
\BOOKMARK [2][-]{subsection.2.15}{LTRIM\(CADENA\)}{section.2}% 34
\BOOKMARK [2][-]{subsection.2.16}{RTRIM\(CADENA\)}{section.2}% 35
\BOOKMARK [2][-]{subsection.2.17}{REPEAT\(CADENA,N\)}{section.2}% 36
\BOOKMARK [2][-]{subsection.2.18}{REVERSE\(CADENA\)}{section.2}% 37
\BOOKMARK [2][-]{subsection.2.19}{SUBSTRING\(CADENA,N\)}{section.2}% 38
\BOOKMARK [2][-]{subsection.2.20}{SUBSTRING\(CADENA,N,M\)}{section.2}% 39
\BOOKMARK [2][-]{subsection.2.21}{SPACE\(N\)}{section.2}% 40
\BOOKMARK [2][-]{subsection.2.22}{LOCATE\(SUBCADENA,CADENA\)}{section.2}% 41
