\BOOKMARK [0][-]{chapter.1}{Teor\355a}{}% 1
\BOOKMARK [1][-]{section.1.1}{Definiciones}{chapter.1}% 2
\BOOKMARK [2][-]{subsection.1.1.1}{Dato}{section.1.1}% 3
\BOOKMARK [2][-]{subsection.1.1.2}{Informaci\363n}{section.1.1}% 4
\BOOKMARK [2][-]{subsection.1.1.3}{Sistema}{section.1.1}% 5
\BOOKMARK [2][-]{subsection.1.1.4}{Software}{section.1.1}% 6
\BOOKMARK [2][-]{subsection.1.1.5}{Base de datos}{section.1.1}% 7
\BOOKMARK [1][-]{section.1.2}{SGGD}{chapter.1}% 8
\BOOKMARK [2][-]{subsection.1.2.1}{Motor Evaluador de consultas}{section.1.2}% 9
\BOOKMARK [2][-]{subsection.1.2.2}{Gesti\363n de almacenamiento}{section.1.2}% 10
\BOOKMARK [2][-]{subsection.1.2.3}{M\363dulo de control de concurrencia ACID}{section.1.2}% 11
\BOOKMARK [2][-]{subsection.1.2.4}{Administraci\363n de tolerancia a fallos}{section.1.2}% 12
\BOOKMARK [1][-]{section.1.3}{Clasificaci\363n de los SGBD}{chapter.1}% 13
\BOOKMARK [2][-]{subsection.1.3.1}{Modelo de datos}{section.1.3}% 14
\BOOKMARK [2][-]{subsection.1.3.2}{N\372mero de Usuarios}{section.1.3}% 15
\BOOKMARK [2][-]{subsection.1.3.3}{Proposito}{section.1.3}% 16
\BOOKMARK [2][-]{subsection.1.3.4}{Costos}{section.1.3}% 17
\BOOKMARK [2][-]{subsection.1.3.5}{N\372mero de sitios}{section.1.3}% 18
\BOOKMARK [1][-]{section.1.4}{Clasificaci\363n de Modelo de Datos}{chapter.1}% 19
\BOOKMARK [1][-]{section.1.5}{Elementos de un Modelo de Datos}{chapter.1}% 20
\BOOKMARK [2][-]{subsection.1.5.1}{Arquitectura de un SGBD}{section.1.5}% 21
\BOOKMARK [2][-]{subsection.1.5.2}{SQL Lenguaje Estructurado de Consultas}{section.1.5}% 22
\BOOKMARK [2][-]{subsection.1.5.3}{Personas involucradas en un SBD}{section.1.5}% 23
\BOOKMARK [0][-]{chapter.2}{SQL}{}% 24
\BOOKMARK [1][-]{section.2.1}{Introducci\363n}{chapter.2}% 25
\BOOKMARK [1][-]{section.2.2}{Algunas sentencias}{chapter.2}% 26
\BOOKMARK [0][-]{section*.19}{Appendices}{}% 27
